2019-11-01 00:41:01,504 DEBUG    root            Running [gcloud] with arguments: [-h: "None"]
2019-11-01 00:41:01,505 DEBUG    root            No implementation for release track [GA] for element: [/Users/kazuki.morita/Library/GCloud/google-cloud-sdk/lib/surface/tasks]
2019-11-01 00:41:01,507 DEBUG    root            Loaded Command Group: [u'gcloud', u'feedback']
2019-11-01 00:41:01,508 DEBUG    root            No implementation for release track [GA] for element: [/Users/kazuki.morita/Library/GCloud/google-cloud-sdk/lib/surface/storage]
2019-11-01 00:41:01,508 DEBUG    root            Loaded Command Group: [u'gcloud', u'app']
2019-11-01 00:41:01,510 DEBUG    root            No implementation for release track [GA] for element: [/Users/kazuki.morita/Library/GCloud/google-cloud-sdk/lib/surface/access_context_manager]
2019-11-01 00:41:01,511 DEBUG    root            Loaded Command Group: [u'gcloud', u'services']
2019-11-01 00:41:01,514 DEBUG    root            Loaded Command Group: [u'gcloud', u'projects']
2019-11-01 00:41:01,516 DEBUG    root            Loaded Command Group: [u'gcloud', u'meta']
2019-11-01 00:41:01,517 DEBUG    root            Loaded Command Group: [u'gcloud', u'composer']
2019-11-01 00:41:01,518 DEBUG    root            Loaded Command Group: [u'gcloud', u'datastore']
2019-11-01 00:41:01,522 DEBUG    root            Loaded Command Group: [u'gcloud', u'help']
2019-11-01 00:41:01,523 DEBUG    root            Loaded Command Group: [u'gcloud', u'iam']
2019-11-01 00:41:01,528 DEBUG    root            No implementation for release track [GA] for element: [/Users/kazuki.morita/Library/GCloud/google-cloud-sdk/lib/surface/genomics]
2019-11-01 00:41:01,531 DEBUG    root            Loaded Command Group: [u'gcloud', u'functions']
2019-11-01 00:41:01,534 DEBUG    root            No implementation for release track [GA] for element: [/Users/kazuki.morita/Library/GCloud/google-cloud-sdk/lib/surface/monitoring]
2019-11-01 00:41:01,534 DEBUG    root            No implementation for release track [GA] for element: [/Users/kazuki.morita/Library/GCloud/google-cloud-sdk/lib/surface/billing]
2019-11-01 00:41:01,535 DEBUG    root            Loaded Command Group: [u'gcloud', u'redis']
2019-11-01 00:41:01,580 DEBUG    root            No implementation for release track [GA] for element: [/Users/kazuki.morita/Library/GCloud/google-cloud-sdk/lib/surface/interactive]
2019-11-01 00:41:01,580 DEBUG    root            Loaded Command Group: [u'gcloud', u'source']
2019-11-01 00:41:01,583 DEBUG    root            Loaded Command Group: [u'gcloud', u'init']
2019-11-01 00:41:01,585 DEBUG    root            No implementation for release track [GA] for element: [/Users/kazuki.morita/Library/GCloud/google-cloud-sdk/lib/surface/dlp]
2019-11-01 00:41:01,585 DEBUG    root            Loaded Command Group: [u'gcloud', u'kms']
2019-11-01 00:41:01,587 DEBUG    root            No implementation for release track [GA] for element: [/Users/kazuki.morita/Library/GCloud/google-cloud-sdk/lib/surface/asset]
2019-11-01 00:41:01,588 DEBUG    root            Loaded Command Group: [u'gcloud', u'dns']
2019-11-01 00:41:01,611 DEBUG    root            Loaded Command Group: [u'gcloud', u'compute']
2019-11-01 00:41:01,615 DEBUG    root            Loaded Command Group: [u'gcloud', u'config']
2019-11-01 00:41:01,616 DEBUG    root            No implementation for release track [GA] for element: [/Users/kazuki.morita/Library/GCloud/google-cloud-sdk/lib/surface/resources]
2019-11-01 00:41:01,617 DEBUG    root            No implementation for release track [GA] for element: [/Users/kazuki.morita/Library/GCloud/google-cloud-sdk/lib/surface/cloud_shell]
2019-11-01 00:41:01,617 DEBUG    root            Loaded Command Group: [u'gcloud', u'info']
2019-11-01 00:41:01,619 DEBUG    root            No implementation for release track [GA] for element: [/Users/kazuki.morita/Library/GCloud/google-cloud-sdk/lib/surface/run]
2019-11-01 00:41:01,619 DEBUG    root            Loaded Command Group: [u'gcloud', u'components']
2019-11-01 00:41:01,621 DEBUG    root            Loaded Command Group: [u'gcloud', u'organizations']
2019-11-01 00:41:01,622 DEBUG    root            Loaded Command Group: [u'gcloud', u'dataproc']
2019-11-01 00:41:01,647 DEBUG    root            Loaded Command Group: [u'gcloud', u'ml_engine']
2019-11-01 00:41:01,649 DEBUG    root            Loaded Command Group: [u'gcloud', u'iot']
2019-11-01 00:41:01,650 DEBUG    root            No implementation for release track [GA] for element: [/Users/kazuki.morita/Library/GCloud/google-cloud-sdk/lib/surface/emulators]
2019-11-01 00:41:01,651 DEBUG    root            Loaded Command Group: [u'gcloud', u'auth']
2019-11-01 00:41:01,652 DEBUG    root            Loaded Command Group: [u'gcloud', u'debug']
2019-11-01 00:41:01,654 DEBUG    root            Loaded Command Group: [u'gcloud', u'firebase']
2019-11-01 00:41:01,655 DEBUG    root            No implementation for release track [GA] for element: [/Users/kazuki.morita/Library/GCloud/google-cloud-sdk/lib/surface/filestore]
2019-11-01 00:41:01,655 DEBUG    root            No implementation for release track [GA] for element: [/Users/kazuki.morita/Library/GCloud/google-cloud-sdk/lib/surface/bq]
2019-11-01 00:41:01,656 DEBUG    root            No implementation for release track [GA] for element: [/Users/kazuki.morita/Library/GCloud/google-cloud-sdk/lib/surface/scheduler]
2019-11-01 00:41:01,656 DEBUG    root            Loaded Command Group: [u'gcloud', u'sql']
2019-11-01 00:41:01,658 DEBUG    root            Loaded Command Group: [u'gcloud', u'spanner']
2019-11-01 00:41:01,661 DEBUG    root            Loaded Command Group: [u'gcloud', u'container']
2019-11-01 00:41:01,662 DEBUG    root            Loaded Command Group: [u'gcloud', u'version']
2019-11-01 00:41:01,663 DEBUG    root            Loaded Command Group: [u'gcloud', u'bigtable']
2019-11-01 00:41:01,665 DEBUG    root            No implementation for release track [GA] for element: [/Users/kazuki.morita/Library/GCloud/google-cloud-sdk/lib/surface/resource_manager]
2019-11-01 00:41:01,665 DEBUG    root            Loaded Command Group: [u'gcloud', u'topic']
2019-11-01 00:41:01,667 DEBUG    root            Loaded Command Group: [u'gcloud', u'logging']
2019-11-01 00:41:01,669 DEBUG    root            Loaded Command Group: [u'gcloud', u'builds']
2019-11-01 00:41:01,670 DEBUG    root            Loaded Command Group: [u'gcloud', u'service_management']
2019-11-01 00:41:01,672 DEBUG    root            Loaded Command Group: [u'gcloud', u'dataflow']
2019-11-01 00:41:01,673 DEBUG    root            Loaded Command Group: [u'gcloud', u'ml']
2019-11-01 00:41:01,674 DEBUG    root            No implementation for release track [GA] for element: [/Users/kazuki.morita/Library/GCloud/google-cloud-sdk/lib/surface/remote_build_execution]
2019-11-01 00:41:01,675 DEBUG    root            No implementation for release track [GA] for element: [/Users/kazuki.morita/Library/GCloud/google-cloud-sdk/lib/surface/runtime_config]
2019-11-01 00:41:01,676 DEBUG    root            No implementation for release track [GA] for element: [/Users/kazuki.morita/Library/GCloud/google-cloud-sdk/lib/surface/search_help]
2019-11-01 00:41:01,678 DEBUG    root            No implementation for release track [GA] for element: [/Users/kazuki.morita/Library/GCloud/google-cloud-sdk/lib/surface/survey]
2019-11-01 00:41:01,679 DEBUG    root            No implementation for release track [GA] for element: [/Users/kazuki.morita/Library/GCloud/google-cloud-sdk/lib/surface/error_reporting]
2019-11-01 00:41:01,679 DEBUG    root            Loaded Command Group: [u'gcloud', u'domains']
2019-11-01 00:41:01,682 DEBUG    root            Loaded Command Group: [u'gcloud', u'docker']
2019-11-01 00:41:01,683 DEBUG    root            Loaded Command Group: [u'gcloud', u'endpoints']
2019-11-01 00:41:01,685 DEBUG    root            Loaded Command Group: [u'gcloud', u'pubsub']
2019-11-01 00:41:01,686 DEBUG    root            No implementation for release track [GA] for element: [/Users/kazuki.morita/Library/GCloud/google-cloud-sdk/lib/surface/firestore]
2019-11-01 00:41:01,687 DEBUG    root            Loaded Command Group: [u'gcloud', u'deployment_manager']
2019-11-01 00:41:01,691 INFO     ___FILE_ONLY___ Usage: gcloud [optional flags] <group | command>
  group may be           app | auth | beta | bigtable | builds | components |
                         composer | compute | config | container | dataflow |
                         dataproc | datastore | debug | deployment-manager |
                         dns | domains | endpoints | firebase | functions |
                         iam | iot | kms | logging | ml | ml-engine |
                         organizations | projects | pubsub | redis | services |
                         source | spanner | sql | topic
  command may be         docker | feedback | help | info | init | version

For detailed information on this command and its flags, run:
  gcloud --help

2019-11-01 00:41:01,699 DEBUG    root            Metrics reporting process started...
