2019-11-01 00:40:31,813 ERROR    root            (gcloud) Command name argument expected.
2019-11-01 00:40:31,815 DEBUG    root            No implementation for release track [GA] for element: [/Users/kazuki.morita/Library/GCloud/google-cloud-sdk/lib/surface/tasks]
2019-11-01 00:40:31,826 DEBUG    root            Loaded Command Group: [u'gcloud', u'feedback']
2019-11-01 00:40:31,828 DEBUG    root            No implementation for release track [GA] for element: [/Users/kazuki.morita/Library/GCloud/google-cloud-sdk/lib/surface/storage]
2019-11-01 00:40:31,829 DEBUG    root            Loaded Command Group: [u'gcloud', u'app']
2019-11-01 00:40:31,836 DEBUG    root            No implementation for release track [GA] for element: [/Users/kazuki.morita/Library/GCloud/google-cloud-sdk/lib/surface/access_context_manager]
2019-11-01 00:40:31,837 DEBUG    root            Loaded Command Group: [u'gcloud', u'services']
2019-11-01 00:40:31,848 DEBUG    root            Loaded Command Group: [u'gcloud', u'projects']
2019-11-01 00:40:31,853 DEBUG    root            Loaded Command Group: [u'gcloud', u'meta']
2019-11-01 00:40:31,857 DEBUG    root            Loaded Command Group: [u'gcloud', u'composer']
2019-11-01 00:40:31,862 DEBUG    root            Loaded Command Group: [u'gcloud', u'datastore']
2019-11-01 00:40:31,878 DEBUG    root            Loaded Command Group: [u'gcloud', u'help']
2019-11-01 00:40:31,883 DEBUG    root            Loaded Command Group: [u'gcloud', u'iam']
2019-11-01 00:40:31,887 DEBUG    root            No implementation for release track [GA] for element: [/Users/kazuki.morita/Library/GCloud/google-cloud-sdk/lib/surface/genomics]
2019-11-01 00:40:31,890 DEBUG    root            Loaded Command Group: [u'gcloud', u'functions']
2019-11-01 00:40:31,894 DEBUG    root            No implementation for release track [GA] for element: [/Users/kazuki.morita/Library/GCloud/google-cloud-sdk/lib/surface/monitoring]
2019-11-01 00:40:31,895 DEBUG    root            No implementation for release track [GA] for element: [/Users/kazuki.morita/Library/GCloud/google-cloud-sdk/lib/surface/billing]
2019-11-01 00:40:31,896 DEBUG    root            Loaded Command Group: [u'gcloud', u'redis']
2019-11-01 00:40:32,174 DEBUG    root            No implementation for release track [GA] for element: [/Users/kazuki.morita/Library/GCloud/google-cloud-sdk/lib/surface/interactive]
2019-11-01 00:40:32,175 DEBUG    root            Loaded Command Group: [u'gcloud', u'source']
2019-11-01 00:40:32,186 DEBUG    root            Loaded Command Group: [u'gcloud', u'init']
2019-11-01 00:40:32,188 DEBUG    root            No implementation for release track [GA] for element: [/Users/kazuki.morita/Library/GCloud/google-cloud-sdk/lib/surface/dlp]
2019-11-01 00:40:32,191 DEBUG    root            Loaded Command Group: [u'gcloud', u'kms']
2019-11-01 00:40:32,197 DEBUG    root            No implementation for release track [GA] for element: [/Users/kazuki.morita/Library/GCloud/google-cloud-sdk/lib/surface/asset]
2019-11-01 00:40:32,199 DEBUG    root            Loaded Command Group: [u'gcloud', u'dns']
2019-11-01 00:40:32,313 DEBUG    root            Loaded Command Group: [u'gcloud', u'compute']
2019-11-01 00:40:32,338 DEBUG    root            Loaded Command Group: [u'gcloud', u'config']
2019-11-01 00:40:32,341 DEBUG    root            No implementation for release track [GA] for element: [/Users/kazuki.morita/Library/GCloud/google-cloud-sdk/lib/surface/resources]
2019-11-01 00:40:32,342 DEBUG    root            No implementation for release track [GA] for element: [/Users/kazuki.morita/Library/GCloud/google-cloud-sdk/lib/surface/cloud_shell]
2019-11-01 00:40:32,343 DEBUG    root            Loaded Command Group: [u'gcloud', u'info']
2019-11-01 00:40:32,345 DEBUG    root            No implementation for release track [GA] for element: [/Users/kazuki.morita/Library/GCloud/google-cloud-sdk/lib/surface/run]
2019-11-01 00:40:32,347 DEBUG    root            Loaded Command Group: [u'gcloud', u'components']
2019-11-01 00:40:32,350 DEBUG    root            Loaded Command Group: [u'gcloud', u'organizations']
2019-11-01 00:40:32,353 DEBUG    root            Loaded Command Group: [u'gcloud', u'dataproc']
2019-11-01 00:40:32,395 DEBUG    root            Loaded Command Group: [u'gcloud', u'ml_engine']
2019-11-01 00:40:32,406 DEBUG    root            Loaded Command Group: [u'gcloud', u'iot']
2019-11-01 00:40:32,411 DEBUG    root            No implementation for release track [GA] for element: [/Users/kazuki.morita/Library/GCloud/google-cloud-sdk/lib/surface/emulators]
2019-11-01 00:40:32,412 DEBUG    root            Loaded Command Group: [u'gcloud', u'auth']
2019-11-01 00:40:32,421 DEBUG    root            Loaded Command Group: [u'gcloud', u'debug']
2019-11-01 00:40:32,424 DEBUG    root            Loaded Command Group: [u'gcloud', u'firebase']
2019-11-01 00:40:32,428 DEBUG    root            No implementation for release track [GA] for element: [/Users/kazuki.morita/Library/GCloud/google-cloud-sdk/lib/surface/filestore]
2019-11-01 00:40:32,429 DEBUG    root            No implementation for release track [GA] for element: [/Users/kazuki.morita/Library/GCloud/google-cloud-sdk/lib/surface/bq]
2019-11-01 00:40:32,430 DEBUG    root            No implementation for release track [GA] for element: [/Users/kazuki.morita/Library/GCloud/google-cloud-sdk/lib/surface/scheduler]
2019-11-01 00:40:32,433 DEBUG    root            Loaded Command Group: [u'gcloud', u'sql']
2019-11-01 00:40:32,441 DEBUG    root            Loaded Command Group: [u'gcloud', u'spanner']
2019-11-01 00:40:32,454 DEBUG    root            Loaded Command Group: [u'gcloud', u'container']
2019-11-01 00:40:32,491 DEBUG    root            Loaded Command Group: [u'gcloud', u'version']
2019-11-01 00:40:32,494 DEBUG    root            Loaded Command Group: [u'gcloud', u'bigtable']
2019-11-01 00:40:32,513 DEBUG    root            No implementation for release track [GA] for element: [/Users/kazuki.morita/Library/GCloud/google-cloud-sdk/lib/surface/resource_manager]
2019-11-01 00:40:32,515 DEBUG    root            Loaded Command Group: [u'gcloud', u'topic']
2019-11-01 00:40:32,555 DEBUG    root            Loaded Command Group: [u'gcloud', u'logging']
2019-11-01 00:40:32,583 DEBUG    root            Loaded Command Group: [u'gcloud', u'builds']
2019-11-01 00:40:32,598 DEBUG    root            Loaded Command Group: [u'gcloud', u'service_management']
2019-11-01 00:40:32,626 DEBUG    root            Loaded Command Group: [u'gcloud', u'dataflow']
2019-11-01 00:40:32,632 DEBUG    root            Loaded Command Group: [u'gcloud', u'ml']
2019-11-01 00:40:32,640 DEBUG    root            No implementation for release track [GA] for element: [/Users/kazuki.morita/Library/GCloud/google-cloud-sdk/lib/surface/remote_build_execution]
2019-11-01 00:40:32,645 DEBUG    root            No implementation for release track [GA] for element: [/Users/kazuki.morita/Library/GCloud/google-cloud-sdk/lib/surface/runtime_config]
2019-11-01 00:40:32,646 DEBUG    root            No implementation for release track [GA] for element: [/Users/kazuki.morita/Library/GCloud/google-cloud-sdk/lib/surface/search_help]
2019-11-01 00:40:32,656 DEBUG    root            No implementation for release track [GA] for element: [/Users/kazuki.morita/Library/GCloud/google-cloud-sdk/lib/surface/survey]
2019-11-01 00:40:32,658 DEBUG    root            No implementation for release track [GA] for element: [/Users/kazuki.morita/Library/GCloud/google-cloud-sdk/lib/surface/error_reporting]
2019-11-01 00:40:32,666 DEBUG    root            Loaded Command Group: [u'gcloud', u'domains']
2019-11-01 00:40:32,686 DEBUG    root            Loaded Command Group: [u'gcloud', u'docker']
2019-11-01 00:40:32,690 DEBUG    root            Loaded Command Group: [u'gcloud', u'endpoints']
2019-11-01 00:40:32,695 DEBUG    root            Loaded Command Group: [u'gcloud', u'pubsub']
2019-11-01 00:40:32,700 DEBUG    root            No implementation for release track [GA] for element: [/Users/kazuki.morita/Library/GCloud/google-cloud-sdk/lib/surface/firestore]
2019-11-01 00:40:32,702 DEBUG    root            Loaded Command Group: [u'gcloud', u'deployment_manager']
2019-11-01 00:40:35,395 DEBUG    root            Metrics reporting process started...
